grml
    description: Desktop Computer
    product: To be filled by O.E.M. (To be filled by O.E.M.)
    vendor: To be filled by O.E.M.
    version: To be filled by O.E.M.
    serial: To be filled by O.E.M.
    width: 64 bits
    capabilities: smbios-2.7 dmi-2.7 vsyscall32
    configuration: boot=normal chassis=desktop family=To be filled by O.E.M. sku=To be filled by O.E.M. uuid=00020003-0004-0005-0006-000700080009
  *-core
       description: Motherboard
       physical id: 0
       version: To be filled by O.E.M.
       serial: To be filled by O.E.M.
       slot: To be filled by O.E.M.
     *-firmware
          description: BIOS
          vendor: American Megatrends Inc.
          physical id: 0
          version: 4.6.4
          date: 05/08/2012
          size: 64KiB
          capacity: 960KiB
          capabilities: pci upgrade shadowing cdboot bootselect socketedrom edd int13floppy1200 int13floppy720 int13floppy2880 int5printscreen int9keyboard int14serial int17printer acpi usb biosbootspecification uefi
     *-cpu
          description: CPU
          product: AMD G-T56N Processor
          vendor: Advanced Micro Devices [AMD]
          physical id: 4
          bus info: cpu@0
          version: AMD G-T56N Processor
          serial: To Be Filled By O.E.M.
          slot: CPU 1
          size: 1650MHz
          capacity: 1650MHz
          width: 64 bits
          clock: 100MHz
          capabilities: x86-64 fpu fpu_exception wp vme de pse tsc msr pae mce cx8 apic sep mtrr pge mca cmov pat pse36 clflush mmx fxsr sse sse2 ht syscall nx mmxext fxsr_opt pdpe1gb rdtscp constant_tsc rep_good nopl nonstop_tsc extd_apicid aperfmperf pni monitor ssse3 cx16 popcnt lahf_lm cmp_legacy svm extapic cr8_legacy abm sse4a misalignsse 3dnowprefetch ibs skinit wdt arat hw_pstate npt lbrv svm_lock nrip_save pausefilter cpufreq
          configuration: cores=2 enabledcores=2
        *-cache:0
             description: L1 cache
             physical id: 5
             slot: L1-Cache
             size: 128KiB
             capacity: 128KiB
             capabilities: internal write-back unified
        *-cache:1
             description: L2 cache
             physical id: 6
             slot: L2-Cache
             size: 1MiB
             capacity: 1MiB
             capabilities: internal varies data
     *-memory
          description: System Memory
          physical id: 26
          slot: System board or motherboard
          size: 4GiB
        *-bank:0
             description: DIMM Synchronous [empty]
             product: Array1_PartNumber0
             vendor: A1_Manufacturer0
             physical id: 0
             serial: A1_SerNum0
             slot: A1_DIMM0
        *-bank:1
             description: DIMM DDR3 Synchronous 1333 MHz (0.8 ns)
             product: M471B5273CH0-CH9
             vendor: Samsung
             physical id: 1
             serial: 0089DDB0
             slot: A1_DIMM1
             size: 4GiB
             width: 64 bits
             clock: 1333MHz (0.8ns)
     *-pci:0
          description: Host bridge
          product: Family 14h Processor Root Complex
          vendor: Advanced Micro Devices, Inc. [AMD]
          physical id: 100
          bus info: pci@0000:00:00.0
          version: 00
          width: 32 bits
          clock: 66MHz
          configuration: latency=32
        *-display
             description: VGA compatible controller
             product: Wrestler [Radeon HD 6320]
             vendor: Advanced Micro Devices, Inc. [AMD/ATI]
             physical id: 1
             bus info: pci@0000:00:01.0
             version: 00
             width: 32 bits
             clock: 33MHz
             capabilities: pm pciexpress msi vga_controller bus_master cap_list rom
             configuration: driver=radeon latency=0
             resources: irq:42 memory:c0000000-cfffffff ioport:f000(size=256) memory:feb00000-feb3ffff
        *-multimedia:0
             description: Audio device
             product: Wrestler HDMI Audio
             vendor: Advanced Micro Devices, Inc. [AMD/ATI]
             physical id: 1.1
             bus info: pci@0000:00:01.1
             version: 00
             width: 32 bits
             clock: 33MHz
             capabilities: pm pciexpress msi bus_master cap_list
             configuration: driver=snd_hda_intel latency=0
             resources: irq:43 memory:feb44000-feb47fff
        *-pci:0
             description: PCI bridge
             product: Family 14h Processor Root Port
             vendor: Advanced Micro Devices, Inc. [AMD]
             physical id: 4
             bus info: pci@0000:00:04.0
             version: 00
             width: 32 bits
             clock: 33MHz
             capabilities: pci pm pciexpress msi ht normal_decode bus_master cap_list
             configuration: driver=pcieport
             resources: irq:16 ioport:1000(size=4096) memory:d0200000-d03fffff ioport:d0400000(size=2097152)
        *-pci:1
             description: PCI bridge
             product: Family 14h Processor Root Port
             vendor: Advanced Micro Devices, Inc. [AMD]
             physical id: 6
             bus info: pci@0000:00:06.0
             version: 00
             width: 32 bits
             clock: 33MHz
             capabilities: pci pm pciexpress msi ht normal_decode bus_master cap_list
             configuration: driver=pcieport
             resources: irq:18 ioport:e000(size=4096) ioport:d0100000(size=1048576)
           *-network
                description: Ethernet interface
                product: RTL8111/8168/8411 PCI Express Gigabit Ethernet Controller
                vendor: Realtek Semiconductor Co., Ltd.
                physical id: 0
                bus info: pci@0000:02:00.0
                logical name: eth0
                version: 06
                serial: 00:30:18:a4:38:37
                size: 10Mbit/s
                capacity: 1Gbit/s
                width: 64 bits
                clock: 33MHz
                capabilities: pm msi pciexpress msix vpd bus_master cap_list ethernet physical tp mii 10bt 10bt-fd 100bt 100bt-fd 1000bt 1000bt-fd autonegotiation
                configuration: autonegotiation=on broadcast=yes driver=r8169 driverversion=2.3LK-NAPI duplex=half firmware=rtl_nic/rtl8168e-2.fw latency=0 link=no multicast=yes port=MII speed=10Mbit/s
                resources: irq:40 ioport:e000(size=256) memory:d0104000-d0104fff memory:d0100000-d0103fff
        *-storage
             description: SATA controller
             product: SB7x0/SB8x0/SB9x0 SATA Controller [AHCI mode]
             vendor: Advanced Micro Devices, Inc. [AMD/ATI]
             physical id: 11
             bus info: pci@0000:00:11.0
             version: 40
             width: 32 bits
             clock: 66MHz
             capabilities: storage ahci_1.0 bus_master cap_list
             configuration: driver=ahci latency=32
             resources: irq:19 ioport:f190(size=8) ioport:f180(size=4) ioport:f170(size=8) ioport:f160(size=4) ioport:f150(size=16) memory:feb4f000-feb4f3ff
        *-usb:0
             description: USB controller
             product: SB7x0/SB8x0/SB9x0 USB OHCI0 Controller
             vendor: Advanced Micro Devices, Inc. [AMD/ATI]
             physical id: 12
             bus info: pci@0000:00:12.0
             version: 00
             width: 32 bits
             clock: 66MHz
             capabilities: ohci bus_master
             configuration: driver=ohci_hcd latency=32
             resources: irq:18 memory:feb4e000-feb4efff
        *-usb:1
             description: USB controller
             product: SB7x0/SB8x0/SB9x0 USB EHCI Controller
             vendor: Advanced Micro Devices, Inc. [AMD/ATI]
             physical id: 12.2
             bus info: pci@0000:00:12.2
             version: 00
             width: 32 bits
             clock: 66MHz
             capabilities: pm debug ehci bus_master cap_list
             configuration: driver=ehci-pci latency=32
             resources: irq:17 memory:feb4d000-feb4d0ff
        *-usb:2
             description: USB controller
             product: SB7x0/SB8x0/SB9x0 USB OHCI0 Controller
             vendor: Advanced Micro Devices, Inc. [AMD/ATI]
             physical id: 13
             bus info: pci@0000:00:13.0
             version: 00
             width: 32 bits
             clock: 66MHz
             capabilities: ohci bus_master
             configuration: driver=ohci_hcd latency=32
             resources: irq:18 memory:feb4c000-feb4cfff
        *-usb:3
             description: USB controller
             product: SB7x0/SB8x0/SB9x0 USB EHCI Controller
             vendor: Advanced Micro Devices, Inc. [AMD/ATI]
             physical id: 13.2
             bus info: pci@0000:00:13.2
             version: 00
             width: 32 bits
             clock: 66MHz
             capabilities: pm debug ehci bus_master cap_list
             configuration: driver=ehci-pci latency=32
             resources: irq:17 memory:feb4b000-feb4b0ff
        *-serial
             description: SMBus
             product: SBx00 SMBus Controller
             vendor: Advanced Micro Devices, Inc. [AMD/ATI]
             physical id: 14
             bus info: pci@0000:00:14.0
             version: 42
             width: 32 bits
             clock: 66MHz
             configuration: driver=piix4_smbus latency=0
             resources: irq:0
        *-ide
             description: IDE interface
             product: SB7x0/SB8x0/SB9x0 IDE Controller
             vendor: Advanced Micro Devices, Inc. [AMD/ATI]
             physical id: 14.1
             bus info: pci@0000:00:14.1
             version: 40
             width: 32 bits
             clock: 66MHz
             capabilities: ide bus_master
             configuration: driver=pata_atiixp latency=32
             resources: irq:17 ioport:1f0(size=8) ioport:3f6 ioport:170(size=8) ioport:376 ioport:f100(size=16)
        *-multimedia:1
             description: Audio device
             product: SBx00 Azalia (Intel HDA)
             vendor: Advanced Micro Devices, Inc. [AMD/ATI]
             physical id: 14.2
             bus info: pci@0000:00:14.2
             version: 40
             width: 64 bits
             clock: 33MHz
             capabilities: pm bus_master cap_list
             configuration: driver=snd_hda_intel latency=32
             resources: irq:16 memory:feb40000-feb43fff
        *-isa
             description: ISA bridge
             product: SB7x0/SB8x0/SB9x0 LPC host controller
             vendor: Advanced Micro Devices, Inc. [AMD/ATI]
             physical id: 14.3
             bus info: pci@0000:00:14.3
             version: 40
             width: 32 bits
             clock: 66MHz
             capabilities: isa bus_master
             configuration: latency=0
        *-pci:2
             description: PCI bridge
             product: SBx00 PCI to PCI Bridge
             vendor: Advanced Micro Devices, Inc. [AMD/ATI]
             physical id: 14.4
             bus info: pci@0000:00:14.4
             version: 40
             width: 32 bits
             clock: 66MHz
             capabilities: pci subtractive_decode bus_master vga_palette
        *-usb:4
             description: USB controller
             product: SB7x0/SB8x0/SB9x0 USB OHCI2 Controller
             vendor: Advanced Micro Devices, Inc. [AMD/ATI]
             physical id: 14.5
             bus info: pci@0000:00:14.5
             version: 00
             width: 32 bits
             clock: 66MHz
             capabilities: ohci bus_master
             configuration: driver=ohci_hcd latency=32
             resources: irq:18 memory:feb4a000-feb4afff
        *-pci:3
             description: PCI bridge
             product: SB700/SB800/SB900 PCI to PCI bridge (PCIE port 0)
             vendor: Advanced Micro Devices, Inc. [AMD/ATI]
             physical id: 15
             bus info: pci@0000:00:15.0
             version: 00
             width: 32 bits
             clock: 33MHz
             capabilities: pci pm pciexpress msi ht normal_decode bus_master cap_list
             configuration: driver=pcieport
             resources: irq:16 ioport:d000(size=4096) ioport:d0000000(size=1048576)
           *-network
                description: Ethernet interface
                product: RTL8111/8168/8411 PCI Express Gigabit Ethernet Controller
                vendor: Realtek Semiconductor Co., Ltd.
                physical id: 0
                bus info: pci@0000:04:00.0
                logical name: eth1
                version: 06
                serial: 00:30:18:a4:38:38
                size: 10Mbit/s
                capacity: 1Gbit/s
                width: 64 bits
                clock: 33MHz
                capabilities: pm msi pciexpress msix vpd bus_master cap_list ethernet physical tp mii 10bt 10bt-fd 100bt 100bt-fd 1000bt 1000bt-fd autonegotiation
                configuration: autonegotiation=on broadcast=yes driver=r8169 driverversion=2.3LK-NAPI duplex=half firmware=rtl_nic/rtl8168e-2.fw latency=0 link=no multicast=yes port=MII speed=10Mbit/s
                resources: irq:41 ioport:d000(size=256) memory:d0004000-d0004fff memory:d0000000-d0003fff
        *-usb:5
             description: USB controller
             product: SB7x0/SB8x0/SB9x0 USB OHCI0 Controller
             vendor: Advanced Micro Devices, Inc. [AMD/ATI]
             physical id: 16
             bus info: pci@0000:00:16.0
             version: 00
             width: 32 bits
             clock: 66MHz
             capabilities: ohci bus_master
             configuration: driver=ohci_hcd latency=32
             resources: irq:18 memory:feb49000-feb49fff
        *-usb:6
             description: USB controller
             product: SB7x0/SB8x0/SB9x0 USB EHCI Controller
             vendor: Advanced Micro Devices, Inc. [AMD/ATI]
             physical id: 16.2
             bus info: pci@0000:00:16.2
             version: 00
             width: 32 bits
             clock: 66MHz
             capabilities: pm debug ehci bus_master cap_list
             configuration: driver=ehci-pci latency=32
             resources: irq:17 memory:feb48000-feb480ff
     *-pci:1
          description: Host bridge
          product: Family 12h/14h Processor Function 0
          vendor: Advanced Micro Devices, Inc. [AMD]
          physical id: 101
          bus info: pci@0000:00:18.0
          version: 43
          width: 32 bits
          clock: 33MHz
     *-pci:2
          description: Host bridge
          product: Family 12h/14h Processor Function 1
          vendor: Advanced Micro Devices, Inc. [AMD]
          physical id: 102
          bus info: pci@0000:00:18.1
          version: 00
          width: 32 bits
          clock: 33MHz
     *-pci:3
          description: Host bridge
          product: Family 12h/14h Processor Function 2
          vendor: Advanced Micro Devices, Inc. [AMD]
          physical id: 103
          bus info: pci@0000:00:18.2
          version: 00
          width: 32 bits
          clock: 33MHz
     *-pci:4
          description: Host bridge
          product: Family 12h/14h Processor Function 3
          vendor: Advanced Micro Devices, Inc. [AMD]
          physical id: 104
          bus info: pci@0000:00:18.3
          version: 00
          width: 32 bits
          clock: 33MHz
          configuration: driver=k10temp
          resources: irq:0
     *-pci:5
          description: Host bridge
          product: Family 12h/14h Processor Function 4
          vendor: Advanced Micro Devices, Inc. [AMD]
          physical id: 105
          bus info: pci@0000:00:18.4
          version: 00
          width: 32 bits
          clock: 33MHz
     *-pci:6
          description: Host bridge
          product: Family 12h/14h Processor Function 6
          vendor: Advanced Micro Devices, Inc. [AMD]
          physical id: 106
          bus info: pci@0000:00:18.5
          version: 00
          width: 32 bits
          clock: 33MHz
     *-pci:7
          description: Host bridge
          product: Family 12h/14h Processor Function 5
          vendor: Advanced Micro Devices, Inc. [AMD]
          physical id: 107
          bus info: pci@0000:00:18.6
          version: 00
          width: 32 bits
          clock: 33MHz
     *-pci:8
          description: Host bridge
          product: Family 12h/14h Processor Function 7
          vendor: Advanced Micro Devices, Inc. [AMD]
          physical id: 108
          bus info: pci@0000:00:18.7
          version: 00
          width: 32 bits
          clock: 33MHz
     *-scsi:0
          physical id: 1
          bus info: usb@1:4
          logical name: scsi6
          capabilities: emulated
        *-disk
             description: SCSI Disk
             product: Cruzer Switch
             vendor: SanDisk
             physical id: 0.0.0
             bus info: scsi@6:0.0.0
             logical name: /dev/sda
             version: 1.26
             serial: 4C530008051016123283
             size: 7633MiB (8004MB)
             capabilities: partitioned partitioned:dos
             configuration: ansiversion=6 sectorsize=512 signature=7af7e7c1
           *-volume
                description: Windows FAT volume
                vendor: mkdosfs
                physical id: 2
                bus info: scsi@6:0.0.0,2
                logical name: /dev/sda2
                version: FAT12
                serial: 4725-3708
                size: 15EiB
                capabilities: primary boot fat initialized
                configuration: FATs=2 filesystem=fat label=GRML
     *-scsi:1
          physical id: 2
          bus info: usb@1:3
          logical name: scsi7
          capabilities: emulated
        *-disk
             description: SCSI Disk
             product: External USB 3.0
             vendor: TOSHIBA
             physical id: 0.0.0
             bus info: scsi@7:0.0.0
             logical name: /dev/sdb
             version: 0101
             serial: 602045B4
             size: 931GiB (1TB)
             capabilities: gpt-1.00 partitioned partitioned:gpt
             configuration: ansiversion=6 guid=c87efb80-e418-4a8d-beff-97d854a6dba4 sectorsize=512
           *-volume
                description: EFI partition
                physical id: 1
                bus info: scsi@7:0.0.0,1
                logical name: /dev/sdb1
                serial: ca1415cb-dfef-4c24-b1c1-32d8eb1776bf
                capacity: 931GiB
                configuration: name=Linux filesystem
